2025-04-28 11:31:01,222 - INFO - ====== WebDriver manager ======
2025-04-28 11:31:02,572 - INFO - Get LATEST chromedriver version for google-chrome
2025-04-28 11:31:02,852 - INFO - Get LATEST chromedriver version for google-chrome
2025-04-28 11:31:02,996 - INFO - There is no [win64] chromedriver "135.0.7049.114" for browser google-chrome "135.0.7049" in cache
2025-04-28 11:31:02,997 - INFO - Get LATEST chromedriver version for google-chrome
2025-04-28 11:31:03,377 - INFO - WebDriver version 135.0.7049.114 selected
2025-04-28 11:31:03,381 - INFO - Modern chrome version https://storage.googleapis.com/chrome-for-testing-public/135.0.7049.114/win32/chromedriver-win32.zip
2025-04-28 11:31:03,381 - INFO - About to download new driver from https://storage.googleapis.com/chrome-for-testing-public/135.0.7049.114/win32/chromedriver-win32.zip
2025-04-28 11:31:03,432 - INFO - Driver downloading response is 200
2025-04-28 11:31:04,734 - INFO - Get LATEST chromedriver version for google-chrome
2025-04-28 11:31:05,839 - INFO - Driver has been saved in cache [C:\Users\Hemant\.wdm\drivers\chromedriver\win64\135.0.7049.114]
2025-04-28 11:31:08,048 - INFO - 
===== Scraping season 2024 =====
2025-04-28 11:31:08,048 - INFO - Getting page with Selenium (attempt 1): https://fbref.com/en/comps/9/2023-2024/2023-2024-Premier-League-Stats
2025-04-28 11:31:21,799 - INFO - Page title: 2023-2024 Premier League Stats | FBref.com
2025-04-28 11:31:21,870 - INFO - Found 20 team URLs
2025-04-28 11:31:21,956 - INFO - Next season URL: https://fbref.com/en/comps/9/2022-2023/2022-2023-Premier-League-Stats
2025-04-28 11:31:21,956 - INFO - 
Processing team: Manchester City
2025-04-28 11:31:21,956 - INFO - Getting page with Selenium (attempt 1): https://fbref.com/en/squads/b8fd03ef/2023-2024/Manchester-City-Stats
2025-04-28 11:31:39,356 - INFO - Team page title: 2023-2024 Manchester City Stats, Premier League | FBref.com
2025-04-28 11:31:39,870 - ERROR - No 'Scores & Fixtures' table found!
2025-04-28 11:31:39,872 - INFO - 
Processing team: Arsenal
2025-04-28 11:31:39,872 - INFO - Getting page with Selenium (attempt 1): https://fbref.com/en/squads/18bb7c10/2023-2024/Arsenal-Stats
2025-04-28 11:31:49,124 - INFO - Team page title: 2023-2024 Arsenal Stats, Premier League | FBref.com
2025-04-28 11:31:49,613 - ERROR - No 'Scores & Fixtures' table found!
2025-04-28 11:31:49,613 - INFO - 
Processing team: Liverpool
2025-04-28 11:31:49,614 - INFO - Getting page with Selenium (attempt 1): https://fbref.com/en/squads/822bd0ba/2023-2024/Liverpool-Stats
2025-04-28 11:31:58,795 - INFO - Team page title: 2023-2024 Liverpool Stats, Premier League | FBref.com
2025-04-28 11:31:59,313 - ERROR - No 'Scores & Fixtures' table found!
2025-04-28 11:31:59,314 - INFO - 
Processing team: Aston Villa
2025-04-28 11:31:59,314 - INFO - Getting page with Selenium (attempt 1): https://fbref.com/en/squads/8602292d/2023-2024/Aston-Villa-Stats
2025-04-28 11:32:07,199 - INFO - Team page title: 2023-2024 Aston Villa Stats, Premier League | FBref.com
2025-04-28 11:32:07,901 - ERROR - No 'Scores & Fixtures' table found!
2025-04-28 11:32:07,902 - INFO - 
Processing team: Tottenham Hotspur
2025-04-28 11:32:07,902 - INFO - Getting page with Selenium (attempt 1): https://fbref.com/en/squads/361ca564/2023-2024/Tottenham-Hotspur-Stats
2025-04-28 11:32:15,900 - INFO - Team page title: 2023-2024 Tottenham Hotspur Stats, Premier League | FBref.com
2025-04-28 11:32:16,376 - ERROR - No 'Scores & Fixtures' table found!
2025-04-28 11:32:16,376 - INFO - 
Processing team: Chelsea
2025-04-28 11:32:16,377 - INFO - Getting page with Selenium (attempt 1): https://fbref.com/en/squads/cff3d9bb/2023-2024/Chelsea-Stats
2025-04-28 11:32:23,808 - INFO - Team page title: 2023-2024 Chelsea Stats, Premier League | FBref.com
2025-04-28 11:32:24,306 - ERROR - No 'Scores & Fixtures' table found!
2025-04-28 11:32:24,306 - INFO - 
Processing team: Newcastle United
2025-04-28 11:32:24,307 - INFO - Getting page with Selenium (attempt 1): https://fbref.com/en/squads/b2b47a98/2023-2024/Newcastle-United-Stats
2025-04-28 11:32:35,156 - INFO - Team page title: 2023-2024 Newcastle United Stats, Premier League | FBref.com
2025-04-28 11:32:35,673 - ERROR - No 'Scores & Fixtures' table found!
2025-04-28 11:32:35,687 - INFO - 
Processing team: Manchester United
2025-04-28 11:32:35,716 - INFO - Getting page with Selenium (attempt 1): https://fbref.com/en/squads/19538871/2023-2024/Manchester-United-Stats
2025-04-28 11:32:42,963 - INFO - Team page title: 2023-2024 Manchester United Stats, Premier League | FBref.com
2025-04-28 11:32:43,466 - ERROR - No 'Scores & Fixtures' table found!
2025-04-28 11:32:43,467 - INFO - 
Processing team: West Ham United
2025-04-28 11:32:43,467 - INFO - Getting page with Selenium (attempt 1): https://fbref.com/en/squads/7c21e445/2023-2024/West-Ham-United-Stats
2025-04-28 11:32:54,377 - INFO - Team page title: 2023-2024 West Ham United Stats, Premier League | FBref.com
2025-04-28 11:32:54,891 - ERROR - No 'Scores & Fixtures' table found!
2025-04-28 11:32:54,892 - INFO - 
Processing team: Crystal Palace
2025-04-28 11:32:54,892 - INFO - Getting page with Selenium (attempt 1): https://fbref.com/en/squads/47c64c55/2023-2024/Crystal-Palace-Stats
2025-04-28 11:33:13,438 - INFO - Team page title: 2023-2024 Crystal Palace Stats, Premier League | FBref.com
2025-04-28 11:33:13,903 - ERROR - No 'Scores & Fixtures' table found!
2025-04-28 11:33:13,904 - INFO - 
Processing team: Brighton and Hove Albion
2025-04-28 11:33:13,905 - INFO - Getting page with Selenium (attempt 1): https://fbref.com/en/squads/d07537b9/2023-2024/Brighton-and-Hove-Albion-Stats
2025-04-28 11:33:21,648 - INFO - Team page title: 2023-2024 Brighton & Hove Albion Stats, Premier League | FBref.com
2025-04-28 11:33:22,131 - ERROR - No 'Scores & Fixtures' table found!
2025-04-28 11:33:22,132 - INFO - 
Processing team: Bournemouth
2025-04-28 11:33:22,132 - INFO - Getting page with Selenium (attempt 1): https://fbref.com/en/squads/4ba7cbea/2023-2024/Bournemouth-Stats
2025-04-28 11:33:30,279 - INFO - Team page title: 2023-2024 Bournemouth Stats, Premier League | FBref.com
2025-04-28 11:33:30,733 - ERROR - No 'Scores & Fixtures' table found!
2025-04-28 11:33:30,734 - INFO - 
Processing team: Fulham
2025-04-28 11:33:30,735 - INFO - Getting page with Selenium (attempt 1): https://fbref.com/en/squads/fd962109/2023-2024/Fulham-Stats
2025-04-28 11:33:40,829 - INFO - Team page title: 2023-2024 Fulham Stats, Premier League | FBref.com
2025-04-28 11:33:41,264 - ERROR - No 'Scores & Fixtures' table found!
2025-04-28 11:33:41,265 - INFO - 
Processing team: Wolverhampton Wanderers
2025-04-28 11:33:41,265 - INFO - Getting page with Selenium (attempt 1): https://fbref.com/en/squads/8cec06e1/2023-2024/Wolverhampton-Wanderers-Stats
2025-04-28 11:33:50,488 - INFO - Team page title: 2023-2024 Wolverhampton Wanderers Stats, Premier League | FBref.com
2025-04-28 11:33:50,916 - ERROR - No 'Scores & Fixtures' table found!
2025-04-28 11:33:50,917 - INFO - 
Processing team: Everton
2025-04-28 11:33:50,918 - INFO - Getting page with Selenium (attempt 1): https://fbref.com/en/squads/d3fd31cc/2023-2024/Everton-Stats
2025-04-28 11:34:02,690 - INFO - Team page title: 2023-2024 Everton Stats, Premier League | FBref.com
2025-04-28 11:34:03,115 - ERROR - No 'Scores & Fixtures' table found!
2025-04-28 11:34:03,116 - INFO - 
Processing team: Brentford
2025-04-28 11:34:03,117 - INFO - Getting page with Selenium (attempt 1): https://fbref.com/en/squads/cd051869/2023-2024/Brentford-Stats
2025-04-28 11:34:10,670 - INFO - Team page title: 2023-2024 Brentford Stats, Premier League | FBref.com
2025-04-28 11:34:11,134 - ERROR - No 'Scores & Fixtures' table found!
2025-04-28 11:34:11,134 - INFO - 
Processing team: Nottingham Forest
2025-04-28 11:34:11,135 - INFO - Getting page with Selenium (attempt 1): https://fbref.com/en/squads/e4a775cb/2023-2024/Nottingham-Forest-Stats
2025-04-28 11:34:25,415 - INFO - Team page title: 2023-2024 Nottingham Forest Stats, Premier League | FBref.com
2025-04-28 11:34:26,190 - ERROR - No 'Scores & Fixtures' table found!
2025-04-28 11:34:26,206 - INFO - 
Processing team: Luton Town
2025-04-28 11:34:26,208 - INFO - Getting page with Selenium (attempt 1): https://fbref.com/en/squads/e297cd13/2023-2024/Luton-Town-Stats
2025-04-28 11:34:35,815 - INFO - Team page title: 2023-2024 Luton Town Stats, Premier League | FBref.com
2025-04-28 11:34:36,370 - ERROR - No 'Scores & Fixtures' table found!
2025-04-28 11:34:36,371 - INFO - 
Processing team: Burnley
2025-04-28 11:34:36,371 - INFO - Getting page with Selenium (attempt 1): https://fbref.com/en/squads/943e8050/2023-2024/Burnley-Stats
2025-04-28 11:34:49,150 - INFO - Team page title: 2023-2024 Burnley Stats, Premier League | FBref.com
2025-04-28 11:34:49,622 - ERROR - No 'Scores & Fixtures' table found!
2025-04-28 11:34:49,624 - INFO - 
Processing team: Sheffield United
2025-04-28 11:34:49,625 - INFO - Getting page with Selenium (attempt 1): https://fbref.com/en/squads/1df6b87e/2023-2024/Sheffield-United-Stats
2025-04-28 11:35:01,847 - INFO - Team page title: 2023-2024 Sheffield United Stats, Premier League | FBref.com
2025-04-28 11:35:02,319 - ERROR - No 'Scores & Fixtures' table found!
2025-04-28 11:35:02,320 - INFO - 
===== Scraping season 2023 =====
2025-04-28 11:35:02,320 - INFO - Getting page with Selenium (attempt 1): https://fbref.com/en/comps/9/2022-2023/2022-2023-Premier-League-Stats
